### [bt]: This is batchtools v0.9.15
### [bt]: Starting calculation of 1 jobs
### [bt]: Setting working directory to '/home/user/repos/cacb-batchtools/eq1'
Loading required package: data.table
Loading required package: R6
Loading required package: mlr3
Loading required package: mlr3learners
Loading required package: mlr3extralearners

Attaching package: ‘mlr3extralearners’

The following objects are masked from ‘package:mlr3’:

    lrn, lrns

Loading required package: mlr3pipelines
Loading required package: mlr3tuning
Loading required package: paradox
Loading required package: compboost
[2021-08-03 19:21:14] Loading new learner LearnerClassifCWB
[2021-08-03 19:21:14] Loading new learner LearnerClassifHCWB
[2021-08-03 19:21:14] Loading new learner
[2021-08-03 19:21:14] Loading tasks
[2021-08-03 19:21:17] Loading resampling
### [bt]: Memory measurement disabled
### [bt]: Starting job [batchtools job.id=122]
### [bt]: Generating problem instance for problem '168908-fold1' ...
### [bt]: Applying algorithm 'evaluate-learner' on problem '168908-fold1' for job 122 (seed = 31537) ...
DEBUG [19:21:19.209] [mlr3]  Skip subsetting of task 'Task 168908: christine (Supervised Classification)' 
DEBUG [19:21:19.303] [mlr3]  Calling train method of Learner 'cwb_b' on task 'Task 168908: christine (Supervised Classification)' with 4334 observations {learner: <LearnerClassifCWB/LearnerClassif/Learner/R6>}
   1/5000   risk = 0.68  oob_risk = 0.68   test_auc = 0.26   time = 2   val_auc = 0.3   
 125/5000   risk = 0.55  oob_risk = 0.57   test_auc = 0.2   time = 1828879   val_auc = 0.22   
 250/5000   risk = 0.53  oob_risk = 0.57   test_auc = 0.2   time = 3641091   val_auc = 0.21   
 375/5000   risk = 0.51  oob_risk = 0.58   test_auc = 0.2   time = 5664732   val_auc = 0.21   
 500/5000   risk = 0.49  oob_risk = 0.58   test_auc = 0.2   time = 7556164   val_auc = 0.21   
 625/5000   risk = 0.47  oob_risk = 0.58   test_auc = 0.2   time = 9563219   val_auc = 0.2   
 750/5000   risk = 0.46  oob_risk = 0.59   test_auc = 0.2   time = 11395228   val_auc = 0.2   
 875/5000   risk = 0.44  oob_risk = 0.59   test_auc = 0.2   time = 13365368   val_auc = 0.21   
1000/5000   risk = 0.43  oob_risk = 0.59   test_auc = 0.2   time = 15224853   val_auc = 0.21   
1125/5000   risk = 0.42  oob_risk = 0.6   test_auc = 0.2   time = 17140985   val_auc = 0.21   
1250/5000   risk = 0.4  oob_risk = 0.6   test_auc = 0.2   time = 19083008   val_auc = 0.21   
1375/5000   risk = 0.39  oob_risk = 0.61   test_auc = 0.2   time = 20963306   val_auc = 0.21   
1500/5000   risk = 0.38  oob_risk = 0.61   test_auc = 0.2   time = 22891533   val_auc = 0.21   
1625/5000   risk = 0.37  oob_risk = 0.61   test_auc = 0.2   time = 24848549   val_auc = 0.21   
1750/5000   risk = 0.37  oob_risk = 0.62   test_auc = 0.2   time = 26793488   val_auc = 0.21   
1875/5000   risk = 0.36  oob_risk = 0.62   test_auc = 0.21   time = 28720333   val_auc = 0.21   
2000/5000   risk = 0.35  oob_risk = 0.62   test_auc = 0.21   time = 30658654   val_auc = 0.21   
2125/5000   risk = 0.34  oob_risk = 0.63   test_auc = 0.21   time = 32570324   val_auc = 0.21   
2250/5000   risk = 0.33  oob_risk = 0.63   test_auc = 0.21   time = 34521035   val_auc = 0.21   
2375/5000   risk = 0.33  oob_risk = 0.64   test_auc = 0.21   time = 36474860   val_auc = 0.21   
2500/5000   risk = 0.32  oob_risk = 0.64   test_auc = 0.21   time = 38687941   val_auc = 0.21   
2625/5000   risk = 0.31  oob_risk = 0.64   test_auc = 0.21   time = 40584809   val_auc = 0.21   
2750/5000   risk = 0.31  oob_risk = 0.64   test_auc = 0.21   time = 42647444   val_auc = 0.21   
2875/5000   risk = 0.3  oob_risk = 0.65   test_auc = 0.21   time = 44576561   val_auc = 0.21   
3000/5000   risk = 0.29  oob_risk = 0.65   test_auc = 0.21   time = 46478020   val_auc = 0.21   
3125/5000   risk = 0.29  oob_risk = 0.65   test_auc = 0.21   time = 48424476   val_auc = 0.21   
3250/5000   risk = 0.28  oob_risk = 0.66   test_auc = 0.21   time = 50459303   val_auc = 0.21   
3375/5000   risk = 0.28  oob_risk = 0.66   test_auc = 0.21   time = 52406401   val_auc = 0.21   
3500/5000   risk = 0.27  oob_risk = 0.66   test_auc = 0.21   time = 54507337   val_auc = 0.21   
3625/5000   risk = 0.27  oob_risk = 0.67   test_auc = 0.22   time = 56485238   val_auc = 0.21   
3750/5000   risk = 0.26  oob_risk = 0.67   test_auc = 0.22   time = 58418906   val_auc = 0.21   
3875/5000   risk = 0.26  oob_risk = 0.67   test_auc = 0.22   time = 60496425   val_auc = 0.21   
4000/5000   risk = 0.25  oob_risk = 0.68   test_auc = 0.22   time = 62568605   val_auc = 0.21   
4125/5000   risk = 0.25  oob_risk = 0.68   test_auc = 0.22   time = 64614396   val_auc = 0.21   
4250/5000   risk = 0.24  oob_risk = 0.68   test_auc = 0.22   time = 66679577   val_auc = 0.21   
4375/5000   risk = 0.24  oob_risk = 0.68   test_auc = 0.22   time = 68962815   val_auc = 0.22   
4500/5000   risk = 0.24  oob_risk = 0.69   test_auc = 0.22   time = 70987049   val_auc = 0.22   
4625/5000   risk = 0.23  oob_risk = 0.69   test_auc = 0.22   time = 72991372   val_auc = 0.22   
4750/5000   risk = 0.23  oob_risk = 0.69   test_auc = 0.22   time = 75079165   val_auc = 0.22   
4875/5000   risk = 0.22  oob_risk = 0.7   test_auc = 0.22   time = 77114896   val_auc = 0.22   
5000/5000   risk = 0.22  oob_risk = 0.7   test_auc = 0.22   time = 79151121   val_auc = 0.22   


Train 5000 iterations in 80 Seconds.
Final risk based on the train set: 0.22

DEBUG [19:23:05.475] [mlr3]  Learner 'cwb_b' on task 'Task 168908: christine (Supervised Classification)' succeeded to fit a model {learner: <LearnerClassifCWB/LearnerClassif/Learner/R6>, result: <list>, messages: }
DEBUG [19:23:05.492] [mlr3]  Skip subsetting of task 'Task 168908: christine (Supervised Classification)' 
DEBUG [19:23:05.495] [mlr3]  Calling train method of Learner 'cwb_b' on task 'Task 168908: christine (Supervised Classification)' with 4334 observations {learner: <LearnerClassifCWB/LearnerClassif/Learner/R6>}
   1/5000   risk = 0.68  time = 2   val_auc = 0.3   
 125/5000   risk = 0.55  time = 1803318   val_auc = 0.22   
 250/5000   risk = 0.53  time = 3676450   val_auc = 0.21   
 375/5000   risk = 0.51  time = 5577811   val_auc = 0.21   
 500/5000   risk = 0.49  time = 7447543   val_auc = 0.21   
 625/5000   risk = 0.47  time = 9477848   val_auc = 0.2   
 750/5000   risk = 0.46  time = 11309333   val_auc = 0.2   
 875/5000   risk = 0.44  time = 13243111   val_auc = 0.21   
1000/5000   risk = 0.43  time = 15172451   val_auc = 0.21   
1125/5000   risk = 0.42  time = 17121113   val_auc = 0.21   
1250/5000   risk = 0.4  time = 18992627   val_auc = 0.21   
1375/5000   risk = 0.39  time = 20945985   val_auc = 0.21   
1500/5000   risk = 0.38  time = 22862051   val_auc = 0.21   
1625/5000   risk = 0.37  time = 24860081   val_auc = 0.21   
1750/5000   risk = 0.37  time = 26701144   val_auc = 0.21   
1875/5000   risk = 0.36  time = 28627936   val_auc = 0.21   
2000/5000   risk = 0.35  time = 30551203   val_auc = 0.21   
2125/5000   risk = 0.34  time = 32446212   val_auc = 0.21   
2250/5000   risk = 0.33  time = 34337967   val_auc = 0.21   
2375/5000   risk = 0.33  time = 36276035   val_auc = 0.21   
2500/5000   risk = 0.32  time = 38338593   val_auc = 0.21   
2625/5000   risk = 0.31  time = 40253314   val_auc = 0.21   
2750/5000   risk = 0.31  time = 42148671   val_auc = 0.21   
2875/5000   risk = 0.3  time = 44084753   val_auc = 0.21   
3000/5000   risk = 0.29  time = 45989830   val_auc = 0.21   
3125/5000   risk = 0.29  time = 47903359   val_auc = 0.21   
3250/5000   risk = 0.28  time = 49864662   val_auc = 0.21   
3375/5000   risk = 0.28  time = 51806999   val_auc = 0.21   
3500/5000   risk = 0.27  time = 53782605   val_auc = 0.21   
3625/5000   risk = 0.27  time = 55789040   val_auc = 0.21   
3750/5000   risk = 0.26  time = 57721210   val_auc = 0.21   
3875/5000   risk = 0.26  time = 59658427   val_auc = 0.21   
4000/5000   risk = 0.25  time = 61571998   val_auc = 0.21   
4125/5000   risk = 0.25  time = 63515259   val_auc = 0.21   
4250/5000   risk = 0.24  time = 65496439   val_auc = 0.21   
4375/5000   risk = 0.24  time = 67450388   val_auc = 0.22   
4500/5000   risk = 0.24  time = 69446489   val_auc = 0.22   
4625/5000   risk = 0.23  time = 71403718   val_auc = 0.22   
4750/5000   risk = 0.23  time = 73333107   val_auc = 0.22   
4875/5000   risk = 0.22  time = 75291005   val_auc = 0.22   
5000/5000   risk = 0.22  time = 77291285   val_auc = 0.22   


Train 5000 iterations in 77 Seconds.
Final risk based on the train set: 0.22

DEBUG [19:24:48.329] [mlr3]  Learner 'cwb_b' on task 'Task 168908: christine (Supervised Classification)' succeeded to fit a model {learner: <LearnerClassifCWB/LearnerClassif/Learner/R6>, result: <list>, messages: }

### [bt]: Job terminated successfully [batchtools job.id=122]
### [bt]: Calculation finished!
