### [bt]: This is batchtools v0.9.15
### [bt]: Starting calculation of 1 jobs
### [bt]: Setting working directory to '/home/user/repos/cacb-batchtools/eq1'
Loading required package: data.table
Loading required package: R6
Loading required package: mlr3
Loading required package: mlr3learners
Loading required package: mlr3extralearners

Attaching package: ‘mlr3extralearners’

The following objects are masked from ‘package:mlr3’:

    lrn, lrns

Loading required package: mlr3pipelines
Loading required package: mlr3tuning
Loading required package: paradox
Loading required package: compboost
[2021-08-03 22:25:23] Loading new learner LearnerClassifCWB
[2021-08-03 22:25:23] Loading new learner LearnerClassifHCWB
[2021-08-03 22:25:23] Loading new learner
[2021-08-03 22:25:23] Loading tasks
[2021-08-03 22:25:26] Loading resampling
### [bt]: Memory measurement disabled
### [bt]: Starting job [batchtools job.id=161]
### [bt]: Generating problem instance for problem '9977-fold2' ...
### [bt]: Applying algorithm 'evaluate-learner' on problem '9977-fold2' for job 161 (seed = 31576) ...
DEBUG [22:25:27.931] [mlr3]  Skip subsetting of task 'Task 9977: nomao (Supervised Classification)' 
DEBUG [22:25:28.024] [mlr3]  Calling train method of Learner 'hcwb_b' on task 'Task 9977: nomao (Supervised Classification)' with 27572 observations {learner: <LearnerClassifHCWB/LearnerClassif/Learner/R6>}
   1/5000   risk = 0.46  oob_risk = 0.45   test_auc = 0.11   time = 2   val_auc = 0.1   
 125/5000   risk = 0.092  oob_risk = 0.099   test_auc = 0.021   time = 2896555   val_auc = 0.013   
 250/5000   risk = 0.074  oob_risk = 0.095   test_auc = 0.021   time = 6150212   val_auc = 0.01   


Train 329 iterations in 9 Seconds.
Final risk based on the train set: 0.068

   1/4682   risk = 0.069  oob_risk = 0.1   test_auc = 0.022   time = 3   val_auc = 0.01   
 117/4682   risk = 0.07  oob_risk = 0.1   test_auc = 0.021   time = 2714150   val_auc = 0.01   
 234/4682   risk = 0.07  oob_risk = 0.1   test_auc = 0.02   time = 4924360   val_auc = 0.01   
 351/4682   risk = 0.071  oob_risk = 0.1   test_auc = 0.02   time = 7248465   val_auc = 0.01   
 468/4682   risk = 0.071  oob_risk = 0.1   test_auc = 0.02   time = 9549628   val_auc = 0.0098   
 585/4682   risk = 0.071  oob_risk = 0.1   test_auc = 0.019   time = 11607588   val_auc = 0.0097   
 702/4682   risk = 0.072  oob_risk = 0.1   test_auc = 0.019   time = 13755762   val_auc = 0.0096   
 819/4682   risk = 0.072  oob_risk = 0.1   test_auc = 0.019   time = 15929934   val_auc = 0.0095   
 936/4682   risk = 0.072  oob_risk = 0.1   test_auc = 0.018   time = 18102022   val_auc = 0.0094   
1053/4682   risk = 0.072  oob_risk = 0.1   test_auc = 0.018   time = 20288026   val_auc = 0.0093   
1170/4682   risk = 0.072  oob_risk = 0.1   test_auc = 0.018   time = 22457174   val_auc = 0.0092   
1287/4682   risk = 0.072  oob_risk = 0.1   test_auc = 0.018   time = 24530173   val_auc = 0.0092   
1404/4682   risk = 0.073  oob_risk = 0.1   test_auc = 0.018   time = 26767252   val_auc = 0.0091   
1521/4682   risk = 0.073  oob_risk = 0.1   test_auc = 0.018   time = 29031959   val_auc = 0.009   
1638/4682   risk = 0.073  oob_risk = 0.11   test_auc = 0.018   time = 31100902   val_auc = 0.009   
1755/4682   risk = 0.073  oob_risk = 0.11   test_auc = 0.018   time = 33319857   val_auc = 0.009   
1872/4682   risk = 0.073  oob_risk = 0.11   test_auc = 0.017   time = 35469005   val_auc = 0.0089   
1989/4682   risk = 0.073  oob_risk = 0.11   test_auc = 0.017   time = 37583803   val_auc = 0.0089   
2106/4682   risk = 0.073  oob_risk = 0.11   test_auc = 0.017   time = 39852942   val_auc = 0.0088   
2223/4682   risk = 0.073  oob_risk = 0.11   test_auc = 0.017   time = 41955375   val_auc = 0.0088   
2340/4682   risk = 0.073  oob_risk = 0.11   test_auc = 0.017   time = 44091996   val_auc = 0.0088   
2457/4682   risk = 0.074  oob_risk = 0.11   test_auc = 0.017   time = 46245774   val_auc = 0.0087   
2574/4682   risk = 0.074  oob_risk = 0.11   test_auc = 0.017   time = 48425959   val_auc = 0.0087   
2691/4682   risk = 0.074  oob_risk = 0.11   test_auc = 0.017   time = 50779028   val_auc = 0.0087   
2808/4682   risk = 0.074  oob_risk = 0.11   test_auc = 0.017   time = 52993641   val_auc = 0.0086   
2925/4682   risk = 0.074  oob_risk = 0.11   test_auc = 0.017   time = 55191914   val_auc = 0.0086   
3042/4682   risk = 0.074  oob_risk = 0.11   test_auc = 0.017   time = 57564179   val_auc = 0.0086   
3159/4682   risk = 0.074  oob_risk = 0.11   test_auc = 0.017   time = 59740935   val_auc = 0.0086   
3276/4682   risk = 0.074  oob_risk = 0.11   test_auc = 0.017   time = 62047179   val_auc = 0.0086   
3393/4682   risk = 0.074  oob_risk = 0.11   test_auc = 0.017   time = 64317817   val_auc = 0.0085   
3510/4682   risk = 0.074  oob_risk = 0.11   test_auc = 0.017   time = 66467073   val_auc = 0.0085   
3627/4682   risk = 0.074  oob_risk = 0.11   test_auc = 0.017   time = 68846241   val_auc = 0.0085   
3744/4682   risk = 0.074  oob_risk = 0.11   test_auc = 0.017   time = 71039061   val_auc = 0.0085   
3861/4682   risk = 0.074  oob_risk = 0.11   test_auc = 0.017   time = 73171168   val_auc = 0.0085   
3978/4682   risk = 0.074  oob_risk = 0.11   test_auc = 0.017   time = 75445317   val_auc = 0.0085   
4095/4682   risk = 0.074  oob_risk = 0.11   test_auc = 0.017   time = 77624814   val_auc = 0.0085   
4212/4682   risk = 0.074  oob_risk = 0.11   test_auc = 0.017   time = 79990564   val_auc = 0.0084   
4329/4682   risk = 0.074  oob_risk = 0.11   test_auc = 0.017   time = 82285720   val_auc = 0.0084   
4446/4682   risk = 0.074  oob_risk = 0.11   test_auc = 0.017   time = 84462826   val_auc = 0.0084   
4563/4682   risk = 0.074  oob_risk = 0.11   test_auc = 0.017   time = 86732386   val_auc = 0.0084   
4680/4682   risk = 0.074  oob_risk = 0.11   test_auc = 0.017   time = 88941346   val_auc = 0.0084   


Train 4682 iterations in 89 Seconds.
Final risk based on the train set: 0.074

DEBUG [22:27:13.770] [mlr3]  Learner 'hcwb_b' on task 'Task 9977: nomao (Supervised Classification)' succeeded to fit a model {learner: <LearnerClassifHCWB/LearnerClassif/Learner/R6>, result: <list>, messages: }
DEBUG [22:27:13.787] [mlr3]  Skip subsetting of task 'Task 9977: nomao (Supervised Classification)' 
DEBUG [22:27:13.790] [mlr3]  Calling train method of Learner 'hcwb_b' on task 'Task 9977: nomao (Supervised Classification)' with 27572 observations {learner: <LearnerClassifHCWB/LearnerClassif/Learner/R6>}
   1/5000   risk = 0.46  time = 2   val_auc = 0.1   
 125/5000   risk = 0.092  time = 2377604   val_auc = 0.013   
 250/5000   risk = 0.074  time = 4764412   val_auc = 0.01   


Train 329 iterations in 6 Seconds.
Final risk based on the train set: 0.068

   1/4682   risk = 0.069  time = 3   val_auc = 0.01   
 117/4682   risk = 0.07  time = 1933102   val_auc = 0.01   
 234/4682   risk = 0.07  time = 3483557   val_auc = 0.01   
 351/4682   risk = 0.071  time = 4952898   val_auc = 0.01   
 468/4682   risk = 0.071  time = 6436944   val_auc = 0.0098   
 585/4682   risk = 0.071  time = 7986917   val_auc = 0.0097   
 702/4682   risk = 0.072  time = 9507882   val_auc = 0.0096   
 819/4682   risk = 0.072  time = 11030771   val_auc = 0.0095   
 936/4682   risk = 0.072  time = 12456287   val_auc = 0.0094   
1053/4682   risk = 0.072  time = 14028417   val_auc = 0.0093   
1170/4682   risk = 0.072  time = 15485028   val_auc = 0.0092   
1287/4682   risk = 0.072  time = 16946220   val_auc = 0.0092   
1404/4682   risk = 0.073  time = 18487118   val_auc = 0.0091   
1521/4682   risk = 0.073  time = 20015827   val_auc = 0.009   
1638/4682   risk = 0.073  time = 21541691   val_auc = 0.009   
1755/4682   risk = 0.073  time = 23048067   val_auc = 0.009   
1872/4682   risk = 0.073  time = 24549154   val_auc = 0.0089   
1989/4682   risk = 0.073  time = 25996129   val_auc = 0.0089   
2106/4682   risk = 0.073  time = 27524041   val_auc = 0.0088   
2223/4682   risk = 0.073  time = 29116323   val_auc = 0.0088   
2340/4682   risk = 0.073  time = 30585095   val_auc = 0.0088   
2457/4682   risk = 0.074  time = 32114350   val_auc = 0.0087   
2574/4682   risk = 0.074  time = 33600550   val_auc = 0.0087   
2691/4682   risk = 0.074  time = 35241350   val_auc = 0.0087   
2808/4682   risk = 0.074  time = 36764394   val_auc = 0.0086   
2925/4682   risk = 0.074  time = 38375705   val_auc = 0.0086   
3042/4682   risk = 0.074  time = 39901109   val_auc = 0.0086   
3159/4682   risk = 0.074  time = 41518687   val_auc = 0.0086   
3276/4682   risk = 0.074  time = 43122807   val_auc = 0.0086   
3393/4682   risk = 0.074  time = 44674748   val_auc = 0.0085   
3510/4682   risk = 0.074  time = 46307919   val_auc = 0.0085   
3627/4682   risk = 0.074  time = 47810658   val_auc = 0.0085   
3744/4682   risk = 0.074  time = 49333972   val_auc = 0.0085   
3861/4682   risk = 0.074  time = 50974214   val_auc = 0.0085   
3978/4682   risk = 0.074  time = 52576903   val_auc = 0.0085   
4095/4682   risk = 0.074  time = 54097179   val_auc = 0.0085   
4212/4682   risk = 0.074  time = 55773275   val_auc = 0.0084   
4329/4682   risk = 0.074  time = 57384562   val_auc = 0.0084   
4446/4682   risk = 0.074  time = 58982806   val_auc = 0.0084   
4563/4682   risk = 0.074  time = 60557479   val_auc = 0.0084   
4680/4682   risk = 0.074  time = 62134141   val_auc = 0.0084   


Train 4682 iterations in 62 Seconds.
Final risk based on the train set: 0.074

DEBUG [22:28:27.587] [mlr3]  Learner 'hcwb_b' on task 'Task 9977: nomao (Supervised Classification)' succeeded to fit a model {learner: <LearnerClassifHCWB/LearnerClassif/Learner/R6>, result: <list>, messages: }

### [bt]: Job terminated successfully [batchtools job.id=161]
### [bt]: Calculation finished!
